<?xml version="1.0" encoding="UTF-8"?>
<testng-results ignored="0" total="3" passed="3" failed="0" skipped="0">
  <reporter-output>
  </reporter-output>
  <suite started-at="2024-04-01T13:07:39 IST" name="Suite" finished-at="2024-04-01T13:09:10 IST" duration-ms="91722">
    <groups>
    </groups>
    <test started-at="2024-04-01T13:07:39 IST" name="Test" finished-at="2024-04-01T13:09:10 IST" duration-ms="91722">
      <class name="testCases.TC_004_E2E">
        <test-method is-config="true" signature="setup(java.lang.String,java.lang.String)[pri:0, instance:testCases.TC_004_E2E@56303b57]" started-at="2024-04-01T13:07:39 IST" name="setup" finished-at="2024-04-01T13:08:09 IST" duration-ms="30271" status="PASS">
          <params>
            <param index="0">
              <value>
                <![CDATA[Windows]]>
              </value>
            </param>
            <param index="1">
              <value>
                <![CDATA[chrome]]>
              </value>
            </param>
          </params>
          <reporter-output>
          </reporter-output>
        </test-method> <!-- setup -->
        <test-method signature="Verify_NavigateFromHomePage()[pri:1, instance:testCases.TC_004_E2E@56303b57]" started-at="2024-04-01T13:08:09 IST" name="Verify_NavigateFromHomePage" finished-at="2024-04-01T13:08:33 IST" duration-ms="23171" status="PASS">
          <reporter-output>
          </reporter-output>
        </test-method> <!-- Verify_NavigateFromHomePage -->
        <test-method signature="Verify_SelectHonda()[pri:2, instance:testCases.TC_004_E2E@56303b57]" started-at="2024-04-01T13:08:33 IST" name="Verify_SelectHonda" finished-at="2024-04-01T13:08:36 IST" duration-ms="2837" status="PASS">
          <reporter-output>
          </reporter-output>
        </test-method> <!-- Verify_SelectHonda -->
        <test-method signature="Verify_USsedCarsChennai()[pri:3, instance:testCases.TC_004_E2E@56303b57]" started-at="2024-04-01T13:08:36 IST" name="Verify_USsedCarsChennai" finished-at="2024-04-01T13:09:06 IST" duration-ms="30683" status="PASS">
          <reporter-output>
          </reporter-output>
        </test-method> <!-- Verify_USsedCarsChennai -->
        <test-method is-config="true" signature="tearDown()[pri:0, instance:testCases.TC_004_E2E@56303b57]" started-at="2024-04-01T13:09:06 IST" name="tearDown" finished-at="2024-04-01T13:09:10 IST" duration-ms="4245" status="PASS">
          <reporter-output>
          </reporter-output>
        </test-method> <!-- tearDown -->
      </class> <!-- testCases.TC_004_E2E -->
    </test> <!-- Test -->
  </suite> <!-- Suite -->
</testng-results>
